{
  "stats": {
    "suites": 1,
    "tests": 8,
    "passes": 8,
    "pending": 0,
    "failures": 0,
    "start": "2020-03-23T12:23:01.089Z",
    "end": "2020-03-23T12:23:47.664Z",
    "duration": 46575,
    "testsRegistered": 8,
    "passPercent": 100,
    "pendingPercent": 0,
    "other": 0,
    "hasOther": false,
    "skipped": 0,
    "hasSkipped": false
  },
  "results": [
    {
      "uuid": "0d2a8a2d-c95a-4fff-b84f-fcbd2f6a9cc9",
      "title": "",
      "fullFile": "cypress\\integration\\utilities\\utility.spec.js",
      "file": "cypress\\integration\\utilities\\utility.spec.js",
      "beforeHooks": [],
      "afterHooks": [],
      "tests": [],
      "suites": [
        {
          "uuid": "c92ef2fb-a0f9-4304-9507-68c446563ff4",
          "title": "Should interate with ui components on welcome page",
          "fullFile": "",
          "file": "",
          "beforeHooks": [],
          "afterHooks": [],
          "tests": [
            {
              "title": "Does close the information pop up",
              "fullTitle": "Should interate with ui components on welcome page Does close the information pop up",
              "timedOut": null,
              "duration": 9056,
              "state": "passed",
              "speed": "slow",
              "pass": true,
              "fail": false,
              "pending": false,
              "context": null,
              "code": "cy.wait(5000);\ncy.get('#toast-container > div > button').click();\ncy.get('#toast-container > div').should('not.exist');",
              "err": {},
              "uuid": "becce2d8-b2b1-4f69-9758-7bab891fdad5",
              "parentUUID": "c92ef2fb-a0f9-4304-9507-68c446563ff4",
              "isHook": false,
              "skipped": false
            },
            {
              "title": "Does close the cookies pop up",
              "fullTitle": "Should interate with ui components on welcome page Does close the cookies pop up",
              "timedOut": null,
              "duration": 5160,
              "state": "passed",
              "speed": "slow",
              "pass": true,
              "fail": false,
              "pending": false,
              "context": null,
              "code": "cy.wait(5000);\ncy.get('.cc-btn').click();\ncy.get('.cc-window').should('have.class', 'cc-invisible');",
              "err": {},
              "uuid": "2996204c-96c3-4503-b30e-f53726f7da2e",
              "parentUUID": "c92ef2fb-a0f9-4304-9507-68c446563ff4",
              "isHook": false,
              "skipped": false
            },
            {
              "title": "Does move the map to north",
              "fullTitle": "Should interate with ui components on welcome page Does move the map to north",
              "timedOut": null,
              "duration": 5136,
              "state": "passed",
              "speed": "slow",
              "pass": true,
              "fail": false,
              "pending": false,
              "context": null,
              "code": "cy.wait(5000);\ncy.get('div.pan:nth-child(1)').dblclick();",
              "err": {},
              "uuid": "29483cf2-4ddb-46d6-bd39-cac8e3c594fc",
              "parentUUID": "c92ef2fb-a0f9-4304-9507-68c446563ff4",
              "isHook": false,
              "skipped": false
            },
            {
              "title": "Does move the map to west",
              "fullTitle": "Should interate with ui components on welcome page Does move the map to west",
              "timedOut": null,
              "duration": 5124,
              "state": "passed",
              "speed": "slow",
              "pass": true,
              "fail": false,
              "pending": false,
              "context": null,
              "code": "cy.wait(5000);\ncy.get('div.pan:nth-child(2)').dblclick();",
              "err": {},
              "uuid": "6b817a86-79c3-42c3-b104-c9b4ffd43f0c",
              "parentUUID": "c92ef2fb-a0f9-4304-9507-68c446563ff4",
              "isHook": false,
              "skipped": false
            },
            {
              "title": "Does move the map to south",
              "fullTitle": "Should interate with ui components on welcome page Does move the map to south",
              "timedOut": null,
              "duration": 5130,
              "state": "passed",
              "speed": "slow",
              "pass": true,
              "fail": false,
              "pending": false,
              "context": null,
              "code": "cy.wait(5000);\ncy.get('div.pan:nth-child(3)').dblclick();",
              "err": {},
              "uuid": "d9b33ab4-c44c-4e61-b62e-f096aa051e5b",
              "parentUUID": "c92ef2fb-a0f9-4304-9507-68c446563ff4",
              "isHook": false,
              "skipped": false
            },
            {
              "title": "Does move the map to east",
              "fullTitle": "Should interate with ui components on welcome page Does move the map to east",
              "timedOut": null,
              "duration": 5134,
              "state": "passed",
              "speed": "slow",
              "pass": true,
              "fail": false,
              "pending": false,
              "context": null,
              "code": "cy.wait(5000);\ncy.get('div.pan:nth-child(4)').dblclick();",
              "err": {},
              "uuid": "8b37bc0d-e9bc-45ae-bcd9-0e2feedf5f7b",
              "parentUUID": "c92ef2fb-a0f9-4304-9507-68c446563ff4",
              "isHook": false,
              "skipped": false
            },
            {
              "title": "Does zoomIn the map",
              "fullTitle": "Should interate with ui components on welcome page Does zoomIn the map",
              "timedOut": null,
              "duration": 5122,
              "state": "passed",
              "speed": "slow",
              "pass": true,
              "fail": false,
              "pending": false,
              "context": null,
              "code": "cy.wait(5000);\ncy.get('div.zoom:nth-child(5)').dblclick();",
              "err": {},
              "uuid": "8521af29-ccfc-4bbc-afea-eac9b9795ae1",
              "parentUUID": "c92ef2fb-a0f9-4304-9507-68c446563ff4",
              "isHook": false,
              "skipped": false
            },
            {
              "title": "Does zoomOut the map",
              "fullTitle": "Should interate with ui components on welcome page Does zoomOut the map",
              "timedOut": null,
              "duration": 5122,
              "state": "passed",
              "speed": "slow",
              "pass": true,
              "fail": false,
              "pending": false,
              "context": null,
              "code": "cy.wait(5000);\ncy.get('div.zoom:nth-child(6)').dblclick();",
              "err": {},
              "uuid": "8fa0f4fb-cbd4-4351-9bd1-b6e47e41aa2d",
              "parentUUID": "c92ef2fb-a0f9-4304-9507-68c446563ff4",
              "isHook": false,
              "skipped": false
            }
          ],
          "suites": [],
          "passes": [
            "becce2d8-b2b1-4f69-9758-7bab891fdad5",
            "2996204c-96c3-4503-b30e-f53726f7da2e",
            "29483cf2-4ddb-46d6-bd39-cac8e3c594fc",
            "6b817a86-79c3-42c3-b104-c9b4ffd43f0c",
            "d9b33ab4-c44c-4e61-b62e-f096aa051e5b",
            "8b37bc0d-e9bc-45ae-bcd9-0e2feedf5f7b",
            "8521af29-ccfc-4bbc-afea-eac9b9795ae1",
            "8fa0f4fb-cbd4-4351-9bd1-b6e47e41aa2d"
          ],
          "failures": [],
          "pending": [],
          "skipped": [],
          "duration": 44984,
          "root": false,
          "rootEmpty": false,
          "_timeout": 2000
        }
      ],
      "passes": [],
      "failures": [],
      "pending": [],
      "skipped": [],
      "duration": 0,
      "root": true,
      "rootEmpty": true,
      "_timeout": 2000
    }
  ],
  "meta": {
    "mocha": {
      "version": "7.1.1"
    },
    "mochawesome": {
      "options": {
        "quiet": false,
        "reportFilename": "mochawesome",
        "saveHtml": false,
        "saveJson": true,
        "consoleReporter": "spec",
        "useInlineDiffs": false,
        "code": true
      },
      "version": "5.0.0"
    },
    "marge": {
      "options": {
        "id": "default",
        "reportDir": "cypress/reports/mocha",
        "quite": true,
        "overwrite": false,
        "html": false,
        "json": true
      },
      "version": "4.1.0"
    }
  }
}