{
  "stats": {
    "suites": 1,
    "tests": 8,
    "passes": 8,
    "pending": 0,
    "failures": 0,
    "start": "2020-03-24T17:45:35.258Z",
    "end": "2020-03-24T17:45:50.114Z",
    "duration": 14856,
    "testsRegistered": 8,
    "passPercent": 100,
    "pendingPercent": 0,
    "other": 0,
    "hasOther": false,
    "skipped": 0,
    "hasSkipped": false
  },
  "results": [
    {
      "uuid": "cfc05670-f529-4c1f-9e34-d2da548315d4",
      "title": "",
      "fullFile": "cypress\\integration\\utilities\\utility.spec.js",
      "file": "cypress\\integration\\utilities\\utility.spec.js",
      "beforeHooks": [],
      "afterHooks": [],
      "tests": [],
      "suites": [
        {
          "uuid": "3f894e78-3397-4b2a-83bb-ac618167d1c0",
          "title": "Should interate with ui components on welcome page",
          "fullFile": "",
          "file": "",
          "beforeHooks": [],
          "afterHooks": [],
          "tests": [
            {
              "title": "Does close the information pop up",
              "fullTitle": "Should interate with ui components on welcome page Does close the information pop up",
              "timedOut": null,
              "duration": 12349,
              "state": "passed",
              "speed": "slow",
              "pass": true,
              "fail": false,
              "pending": false,
              "context": null,
              "code": "cy.get('#toast-container > div > button').click();\ncy.get('#toast-container > div').should('not.exist');",
              "err": {},
              "uuid": "8f2f6b88-b611-4667-9bec-8c9788db46ea",
              "parentUUID": "3f894e78-3397-4b2a-83bb-ac618167d1c0",
              "isHook": false,
              "skipped": false
            },
            {
              "title": "Does close the cookies pop up",
              "fullTitle": "Should interate with ui components on welcome page Does close the cookies pop up",
              "timedOut": null,
              "duration": 109,
              "state": "passed",
              "speed": "slow",
              "pass": true,
              "fail": false,
              "pending": false,
              "context": null,
              "code": "cy.get('.cc-btn').click();\ncy.get('.cc-window').should('have.class', 'cc-invisible');",
              "err": {},
              "uuid": "3db8a7ce-ae80-4654-a1ab-914693321d4f",
              "parentUUID": "3f894e78-3397-4b2a-83bb-ac618167d1c0",
              "isHook": false,
              "skipped": false
            },
            {
              "title": "Does move the map to north",
              "fullTitle": "Should interate with ui components on welcome page Does move the map to north",
              "timedOut": null,
              "duration": 98,
              "state": "passed",
              "speed": "slow",
              "pass": true,
              "fail": false,
              "pending": false,
              "context": null,
              "code": "cy.get('div.pan:nth-child(1)').dblclick();",
              "err": {},
              "uuid": "5fcce8a4-6516-46e2-aae3-0ac2702d03df",
              "parentUUID": "3f894e78-3397-4b2a-83bb-ac618167d1c0",
              "isHook": false,
              "skipped": false
            },
            {
              "title": "Does move the map to west",
              "fullTitle": "Should interate with ui components on welcome page Does move the map to west",
              "timedOut": null,
              "duration": 94,
              "state": "passed",
              "speed": "slow",
              "pass": true,
              "fail": false,
              "pending": false,
              "context": null,
              "code": "cy.get('div.pan:nth-child(2)').dblclick();",
              "err": {},
              "uuid": "626c53e6-3e28-4aa7-ad0c-3d189b67d503",
              "parentUUID": "3f894e78-3397-4b2a-83bb-ac618167d1c0",
              "isHook": false,
              "skipped": false
            },
            {
              "title": "Does move the map to south",
              "fullTitle": "Should interate with ui components on welcome page Does move the map to south",
              "timedOut": null,
              "duration": 89,
              "state": "passed",
              "speed": "slow",
              "pass": true,
              "fail": false,
              "pending": false,
              "context": null,
              "code": "cy.get('div.pan:nth-child(3)').dblclick();",
              "err": {},
              "uuid": "c5a16f57-7442-47fe-ad51-f8e5b413e404",
              "parentUUID": "3f894e78-3397-4b2a-83bb-ac618167d1c0",
              "isHook": false,
              "skipped": false
            },
            {
              "title": "Does move the map to east",
              "fullTitle": "Should interate with ui components on welcome page Does move the map to east",
              "timedOut": null,
              "duration": 91,
              "state": "passed",
              "speed": "slow",
              "pass": true,
              "fail": false,
              "pending": false,
              "context": null,
              "code": "cy.get('div.pan:nth-child(4)').dblclick();",
              "err": {},
              "uuid": "6ca7a0de-a857-4e09-b55c-d15fbf721cb7",
              "parentUUID": "3f894e78-3397-4b2a-83bb-ac618167d1c0",
              "isHook": false,
              "skipped": false
            },
            {
              "title": "Does zoomIn the map",
              "fullTitle": "Should interate with ui components on welcome page Does zoomIn the map",
              "timedOut": null,
              "duration": 87,
              "state": "passed",
              "speed": "slow",
              "pass": true,
              "fail": false,
              "pending": false,
              "context": null,
              "code": "cy.get('div.zoom:nth-child(5)').dblclick();",
              "err": {},
              "uuid": "53d75922-2d32-494e-a552-89de00a419a3",
              "parentUUID": "3f894e78-3397-4b2a-83bb-ac618167d1c0",
              "isHook": false,
              "skipped": false
            },
            {
              "title": "Does zoomOut the map",
              "fullTitle": "Should interate with ui components on welcome page Does zoomOut the map",
              "timedOut": null,
              "duration": 92,
              "state": "passed",
              "speed": "slow",
              "pass": true,
              "fail": false,
              "pending": false,
              "context": null,
              "code": "cy.get('div.zoom:nth-child(6)').dblclick();",
              "err": {},
              "uuid": "6cdf9559-f469-41a5-b951-0816c2adfe2a",
              "parentUUID": "3f894e78-3397-4b2a-83bb-ac618167d1c0",
              "isHook": false,
              "skipped": false
            }
          ],
          "suites": [],
          "passes": [
            "8f2f6b88-b611-4667-9bec-8c9788db46ea",
            "3db8a7ce-ae80-4654-a1ab-914693321d4f",
            "5fcce8a4-6516-46e2-aae3-0ac2702d03df",
            "626c53e6-3e28-4aa7-ad0c-3d189b67d503",
            "c5a16f57-7442-47fe-ad51-f8e5b413e404",
            "6ca7a0de-a857-4e09-b55c-d15fbf721cb7",
            "53d75922-2d32-494e-a552-89de00a419a3",
            "6cdf9559-f469-41a5-b951-0816c2adfe2a"
          ],
          "failures": [],
          "pending": [],
          "skipped": [],
          "duration": 13009,
          "root": false,
          "rootEmpty": false,
          "_timeout": 2000
        }
      ],
      "passes": [],
      "failures": [],
      "pending": [],
      "skipped": [],
      "duration": 0,
      "root": true,
      "rootEmpty": true,
      "_timeout": 2000
    }
  ],
  "meta": {
    "mocha": {
      "version": "7.1.1"
    },
    "mochawesome": {
      "options": {
        "quiet": false,
        "reportFilename": "mochawesome",
        "saveHtml": false,
        "saveJson": true,
        "consoleReporter": "spec",
        "useInlineDiffs": false,
        "code": true
      },
      "version": "5.0.0"
    },
    "marge": {
      "options": {
        "id": "default",
        "reportDir": "cypress/reports/mocha",
        "quite": true,
        "overwrite": false,
        "html": false,
        "json": true
      },
      "version": "4.1.0"
    }
  }
}