{
  "stats": {
    "suites": 2,
    "tests": 13,
    "passes": 12,
    "pending": 0,
    "failures": 1,
    "start": "2020-03-23T12:23:53.541Z",
    "end": "2020-03-23T12:23:53.541Z",
    "duration": 289854,
    "testsRegistered": 13,
    "passPercent": 92.3076923076923,
    "pendingPercent": 0,
    "other": 0,
    "hasOther": false,
    "skipped": 0,
    "hasSkipped": false
  },
  "results": [
    {
      "uuid": "2dc4e9c8-9bca-48c9-8969-2254c3371d32",
      "title": "",
      "fullFile": "cypress\\integration\\draw\\draw.spec.js",
      "file": "cypress\\integration\\draw\\draw.spec.js",
      "beforeHooks": [],
      "afterHooks": [],
      "tests": [],
      "suites": [
        {
          "uuid": "86b7fe0c-c11b-49d8-9b49-02f58ce71212",
          "title": "Should draw with shom Drawing tools",
          "fullFile": "",
          "file": "",
          "beforeHooks": [],
          "afterHooks": [],
          "tests": [
            {
              "title": "should draw a label",
              "fullTitle": "Should draw with shom Drawing tools should draw a label",
              "timedOut": null,
              "duration": 53538,
              "state": "passed",
              "speed": "slow",
              "pass": true,
              "fail": false,
              "pending": false,
              "context": null,
              "code": "cy.wait(2000);\ncy.get('#drawing-add-text-button').click();\ncy.wait(2000);\ncy.get('#map-container').click(600, 280);\ncy.wait(2000);\ncy.get('#feature-text').click();\ncy.wait(5000);\ncy.get('#feature-text').clear().type('Maldive');\ncy.wait(2000);\ncy.get('#text-font-arial').click();\ncy.wait(2000);\ncy.get('fieldset.drawing-feature-style:nth-child(3) > div:nth-child(3) > div:nth-child(2) > div:nth-child(1) > label:nth-child(2)').click();\ncy.wait(2000);\ncy.get('#text-size').click();\ncy.wait(5000);\ncy.get('#text-size').clear().type('50');\ncy.wait(2000);\ncy.get('input.btn').click();\ncy.get('#feature-text').should('have.value', 'Maldive');\ncy.get('#text-size').should('have.value', '50');\ncy.get('#drawing-action-print-button').click();\ncy.wait(5000);\ncy.get('#map-name-print').click();\ncy.wait(5000);\ncy.get('#map-name-print').clear().type('Label for test');\ncy.get('#map-description-print').click();\ncy.wait(5000);\ncy.get('#map-description-print').clear().type('Add a Label for testing');\ncy.wait(2000);\ncy.get('.print-map-button').click();",
              "err": {},
              "uuid": "07fe761f-34d1-4d29-b453-58af8e7fd560",
              "parentUUID": "86b7fe0c-c11b-49d8-9b49-02f58ce71212",
              "isHook": false,
              "skipped": false
            },
            {
              "title": "should add a point",
              "fullTitle": "Should draw with shom Drawing tools should add a point",
              "timedOut": null,
              "duration": 37412,
              "state": "passed",
              "speed": "slow",
              "pass": true,
              "fail": false,
              "pending": false,
              "context": null,
              "code": "cy.wait(2000);\ncy.get('#drawing-add-marker-button').click();\ncy.wait(2000);\ncy.get('#map-container').click(600, 280);\ncy.wait(2000);\ncy.get('input.btn').click();\ncy.wait(2000);\ncy.get('#drawing-action-print-button').click();\ncy.wait(5000);\ncy.get('#map-name-print').click();\ncy.wait(5000);\ncy.get('#map-name-print').clear().type('Point for test');\ncy.wait(2000);\ncy.get('#map-description-print').click();\ncy.wait(5000);\ncy.get('#map-description-print').clear().type('Add a point for testing');\ncy.wait(2000);\ncy.get('.print-map-button').click();",
              "err": {},
              "uuid": "0edec5f0-ee9f-4f56-8e7f-a5d990d130e4",
              "parentUUID": "86b7fe0c-c11b-49d8-9b49-02f58ce71212",
              "isHook": false,
              "skipped": false
            },
            {
              "title": "should draw a line",
              "fullTitle": "Should draw with shom Drawing tools should draw a line",
              "timedOut": null,
              "duration": 52658,
              "state": "passed",
              "speed": "slow",
              "pass": true,
              "fail": false,
              "pending": false,
              "context": null,
              "code": "cy.wait(2000);\ncy.get('#drawing-add-line-button').click();\ncy.wait(2000);\ncy.get('#map-container').click(600, 280);\ncy.wait(2000);\ncy.get('#map-container').click(600, 350);\ncy.wait(2000);\ncy.get('#map-container').click(500, 350);\ncy.wait(2000);\ncy.get('#map-container').dblclick(500, 380);\ncy.wait(2000);\ncy.get('#stroke-thickness').click();\ncy.wait(5000);\ncy.get('#stroke-thickness').clear().type('10');\ncy.wait(2000);\ncy.get('input.btn').click();\ncy.wait(2000);\ncy.get('#drawing-action-print-button').click();\ncy.wait(5000);\ncy.wait(2000);\ncy.get('#map-name-print').click();\ncy.wait(5000);\ncy.get('#map-name-print').clear().type('Line for test');\ncy.wait(2000);\ncy.get('#map-description-print').click();\ncy.wait(5000);\ncy.get('#map-description-print').clear().type('Add a line for testing');\ncy.wait(2000);\ncy.get('.print-map-button').click();",
              "err": {},
              "uuid": "6dbc3738-fd02-44ad-a7cc-a2b11556af3e",
              "parentUUID": "86b7fe0c-c11b-49d8-9b49-02f58ce71212",
              "isHook": false,
              "skipped": false
            },
            {
              "title": "should draw a polygon",
              "fullTitle": "Should draw with shom Drawing tools should draw a polygon",
              "timedOut": null,
              "duration": 50575,
              "state": "passed",
              "speed": "slow",
              "pass": true,
              "fail": false,
              "pending": false,
              "context": null,
              "code": "cy.wait(2000);\ncy.get('#drawing-add-polygon-button').click();\ncy.wait(2000);\ncy.get('#map-container').click(600, 280);\ncy.wait(2000);\ncy.get('#map-container').click(600, 350);\ncy.wait(2000);\ncy.get('#map-container').click(500, 350);\ncy.wait(2000);\ncy.get('#map-container').dblclick(500, 380);\ncy.wait(2000);\ncy.get('#stroke-thickness').click();\ncy.wait(5000);\ncy.get('#stroke-thickness').clear().type('10');\ncy.wait(2000);\ncy.get('input.btn').click();\ncy.wait(2000);\ncy.get('#drawing-action-print-button').click();\ncy.wait(5000);\ncy.get('#map-name-print').click();\ncy.wait(5000);\ncy.get('#map-name-print').clear().type('Polygon for test');\ncy.wait(2000);\ncy.get('#map-description-print').click();\ncy.wait(5000);\ncy.get('#map-description-print').clear().type('Add a polygon for testing');\ncy.wait(2000);\ncy.get('.print-map-button').click();",
              "err": {},
              "uuid": "298a5a9a-0472-4844-8b20-3d90c93207f1",
              "parentUUID": "86b7fe0c-c11b-49d8-9b49-02f58ce71212",
              "isHook": false,
              "skipped": false
            },
            {
              "title": "should draw a circle",
              "fullTitle": "Should draw with shom Drawing tools should draw a circle",
              "timedOut": null,
              "duration": 50687,
              "state": "failed",
              "speed": null,
              "pass": false,
              "fail": true,
              "pending": false,
              "context": null,
              "code": "cy.wait(2000);\ncy.get('#drawing-add-circle-button').click();\ncy.wait(2000);\ncy.get('#map-container').click(600, 280);\ncy.wait(2000);\ncy.get('#map-container').dblclick(500, 350);\ncy.wait(2000);\ncy.get('#stroke-thickness').click();\ncy.wait(5000);\ncy.get('#stroke-thickness').clear().type('10');\ncy.wait(2000);\ncy.get('input.btn').click();\ncy.wait(2000);\ncy.get('#drawing-action-print-button').click();\ncy.wait(5000);\ncy.get('#map-name-print').click();\ncy.wait(5000);\ncy.get('#map-name-print').clear().type('Circle for test');\ncy.wait(2000);\ncy.get('#map-description-print').click();\ncy.wait(5000);\ncy.get('#map-description-print').clear().type('Add a circle for testing');\ncy.wait(2000);\ncy.get('.print-map-button1').click();",
              "err": {
                "message": "CypressError: Timed out retrying: Expected to find element: '.print-map-button1', but never found it.",
                "estack": "CypressError: Timed out retrying: Expected to find element: '.print-map-button1', but never found it.\n    at cypressErr (https://data.shom.fr/__cypress/runner/cypress_runner.js:138644:9)\n    at throwErr (https://data.shom.fr/__cypress/runner/cypress_runner.js:138577:11)\n    at Object.throwErrByPath (https://data.shom.fr/__cypress/runner/cypress_runner.js:138625:3)\n    at retry (https://data.shom.fr/__cypress/runner/cypress_runner.js:132905:19)\n    at onFailFn (https://data.shom.fr/__cypress/runner/cypress_runner.js:121122:16)\n    at tryCatcher (https://data.shom.fr/__cypress/runner/cypress_runner.js:165465:23)\n    at Promise._settlePromiseFromHandler (https://data.shom.fr/__cypress/runner/cypress_runner.js:163401:31)\n    at Promise._settlePromise (https://data.shom.fr/__cypress/runner/cypress_runner.js:163458:18)\n    at Promise._settlePromise0 (https://data.shom.fr/__cypress/runner/cypress_runner.js:163503:10)\n    at Promise._settlePromises (https://data.shom.fr/__cypress/runner/cypress_runner.js:163578:18)\n    at Async../node_modules/bluebird/js/release/async.js.Async._drainQueue (https://data.shom.fr/__cypress/runner/cypress_runner.js:160190:16)\n    at Async../node_modules/bluebird/js/release/async.js.Async._drainQueues (https://data.shom.fr/__cypress/runner/cypress_runner.js:160200:10)\n    at Async.drainQueues (https://data.shom.fr/__cypress/runner/cypress_runner.js:160074:14)",
                "diff": null
              },
              "uuid": "35adf70f-eeee-486a-b4ef-ced8ea488de4",
              "parentUUID": "86b7fe0c-c11b-49d8-9b49-02f58ce71212",
              "isHook": false,
              "skipped": false
            }
          ],
          "suites": [],
          "passes": [
            "07fe761f-34d1-4d29-b453-58af8e7fd560",
            "0edec5f0-ee9f-4f56-8e7f-a5d990d130e4",
            "6dbc3738-fd02-44ad-a7cc-a2b11556af3e",
            "298a5a9a-0472-4844-8b20-3d90c93207f1"
          ],
          "failures": [
            "35adf70f-eeee-486a-b4ef-ced8ea488de4"
          ],
          "pending": [],
          "skipped": [],
          "duration": 244870,
          "root": false,
          "rootEmpty": false,
          "_timeout": 2000
        }
      ],
      "passes": [],
      "failures": [],
      "pending": [],
      "skipped": [],
      "duration": 0,
      "root": true,
      "rootEmpty": true,
      "_timeout": 2000
    },
    {
      "uuid": "0d2a8a2d-c95a-4fff-b84f-fcbd2f6a9cc9",
      "title": "",
      "fullFile": "cypress\\integration\\utilities\\utility.spec.js",
      "file": "cypress\\integration\\utilities\\utility.spec.js",
      "beforeHooks": [],
      "afterHooks": [],
      "tests": [],
      "suites": [
        {
          "uuid": "c92ef2fb-a0f9-4304-9507-68c446563ff4",
          "title": "Should interate with ui components on welcome page",
          "fullFile": "",
          "file": "",
          "beforeHooks": [],
          "afterHooks": [],
          "tests": [
            {
              "title": "Does close the information pop up",
              "fullTitle": "Should interate with ui components on welcome page Does close the information pop up",
              "timedOut": null,
              "duration": 9056,
              "state": "passed",
              "speed": "slow",
              "pass": true,
              "fail": false,
              "pending": false,
              "context": null,
              "code": "cy.wait(5000);\ncy.get('#toast-container > div > button').click();\ncy.get('#toast-container > div').should('not.exist');",
              "err": {},
              "uuid": "becce2d8-b2b1-4f69-9758-7bab891fdad5",
              "parentUUID": "c92ef2fb-a0f9-4304-9507-68c446563ff4",
              "isHook": false,
              "skipped": false
            },
            {
              "title": "Does close the cookies pop up",
              "fullTitle": "Should interate with ui components on welcome page Does close the cookies pop up",
              "timedOut": null,
              "duration": 5160,
              "state": "passed",
              "speed": "slow",
              "pass": true,
              "fail": false,
              "pending": false,
              "context": null,
              "code": "cy.wait(5000);\ncy.get('.cc-btn').click();\ncy.get('.cc-window').should('have.class', 'cc-invisible');",
              "err": {},
              "uuid": "2996204c-96c3-4503-b30e-f53726f7da2e",
              "parentUUID": "c92ef2fb-a0f9-4304-9507-68c446563ff4",
              "isHook": false,
              "skipped": false
            },
            {
              "title": "Does move the map to north",
              "fullTitle": "Should interate with ui components on welcome page Does move the map to north",
              "timedOut": null,
              "duration": 5136,
              "state": "passed",
              "speed": "slow",
              "pass": true,
              "fail": false,
              "pending": false,
              "context": null,
              "code": "cy.wait(5000);\ncy.get('div.pan:nth-child(1)').dblclick();",
              "err": {},
              "uuid": "29483cf2-4ddb-46d6-bd39-cac8e3c594fc",
              "parentUUID": "c92ef2fb-a0f9-4304-9507-68c446563ff4",
              "isHook": false,
              "skipped": false
            },
            {
              "title": "Does move the map to west",
              "fullTitle": "Should interate with ui components on welcome page Does move the map to west",
              "timedOut": null,
              "duration": 5124,
              "state": "passed",
              "speed": "slow",
              "pass": true,
              "fail": false,
              "pending": false,
              "context": null,
              "code": "cy.wait(5000);\ncy.get('div.pan:nth-child(2)').dblclick();",
              "err": {},
              "uuid": "6b817a86-79c3-42c3-b104-c9b4ffd43f0c",
              "parentUUID": "c92ef2fb-a0f9-4304-9507-68c446563ff4",
              "isHook": false,
              "skipped": false
            },
            {
              "title": "Does move the map to south",
              "fullTitle": "Should interate with ui components on welcome page Does move the map to south",
              "timedOut": null,
              "duration": 5130,
              "state": "passed",
              "speed": "slow",
              "pass": true,
              "fail": false,
              "pending": false,
              "context": null,
              "code": "cy.wait(5000);\ncy.get('div.pan:nth-child(3)').dblclick();",
              "err": {},
              "uuid": "d9b33ab4-c44c-4e61-b62e-f096aa051e5b",
              "parentUUID": "c92ef2fb-a0f9-4304-9507-68c446563ff4",
              "isHook": false,
              "skipped": false
            },
            {
              "title": "Does move the map to east",
              "fullTitle": "Should interate with ui components on welcome page Does move the map to east",
              "timedOut": null,
              "duration": 5134,
              "state": "passed",
              "speed": "slow",
              "pass": true,
              "fail": false,
              "pending": false,
              "context": null,
              "code": "cy.wait(5000);\ncy.get('div.pan:nth-child(4)').dblclick();",
              "err": {},
              "uuid": "8b37bc0d-e9bc-45ae-bcd9-0e2feedf5f7b",
              "parentUUID": "c92ef2fb-a0f9-4304-9507-68c446563ff4",
              "isHook": false,
              "skipped": false
            },
            {
              "title": "Does zoomIn the map",
              "fullTitle": "Should interate with ui components on welcome page Does zoomIn the map",
              "timedOut": null,
              "duration": 5122,
              "state": "passed",
              "speed": "slow",
              "pass": true,
              "fail": false,
              "pending": false,
              "context": null,
              "code": "cy.wait(5000);\ncy.get('div.zoom:nth-child(5)').dblclick();",
              "err": {},
              "uuid": "8521af29-ccfc-4bbc-afea-eac9b9795ae1",
              "parentUUID": "c92ef2fb-a0f9-4304-9507-68c446563ff4",
              "isHook": false,
              "skipped": false
            },
            {
              "title": "Does zoomOut the map",
              "fullTitle": "Should interate with ui components on welcome page Does zoomOut the map",
              "timedOut": null,
              "duration": 5122,
              "state": "passed",
              "speed": "slow",
              "pass": true,
              "fail": false,
              "pending": false,
              "context": null,
              "code": "cy.wait(5000);\ncy.get('div.zoom:nth-child(6)').dblclick();",
              "err": {},
              "uuid": "8fa0f4fb-cbd4-4351-9bd1-b6e47e41aa2d",
              "parentUUID": "c92ef2fb-a0f9-4304-9507-68c446563ff4",
              "isHook": false,
              "skipped": false
            }
          ],
          "suites": [],
          "passes": [
            "becce2d8-b2b1-4f69-9758-7bab891fdad5",
            "2996204c-96c3-4503-b30e-f53726f7da2e",
            "29483cf2-4ddb-46d6-bd39-cac8e3c594fc",
            "6b817a86-79c3-42c3-b104-c9b4ffd43f0c",
            "d9b33ab4-c44c-4e61-b62e-f096aa051e5b",
            "8b37bc0d-e9bc-45ae-bcd9-0e2feedf5f7b",
            "8521af29-ccfc-4bbc-afea-eac9b9795ae1",
            "8fa0f4fb-cbd4-4351-9bd1-b6e47e41aa2d"
          ],
          "failures": [],
          "pending": [],
          "skipped": [],
          "duration": 44984,
          "root": false,
          "rootEmpty": false,
          "_timeout": 2000
        }
      ],
      "passes": [],
      "failures": [],
      "pending": [],
      "skipped": [],
      "duration": 0,
      "root": true,
      "rootEmpty": true,
      "_timeout": 2000
    }
  ],
  "meta": {
    "mocha": {
      "version": "7.1.1"
    },
    "mochawesome": {
      "options": {
        "quiet": false,
        "reportFilename": "mochawesome",
        "saveHtml": false,
        "saveJson": true,
        "consoleReporter": "spec",
        "useInlineDiffs": false,
        "code": true
      },
      "version": "5.0.0"
    },
    "marge": {
      "options": {
        "id": "default",
        "reportDir": "cypress/reports/mocha",
        "quite": true,
        "overwrite": false,
        "html": false,
        "json": true
      },
      "version": "4.1.0"
    }
  }
}